17:02:28.043 [main                     ] DEBUG Logger               - Configured Logger
17:02:28.046 [main                     ] DEBUG GameApplication      - Logging settings
Title: Centipede
Version: 0.0
Width: 1300
Height: 800
Fullscreen: false
Intro: false
Profiling: false
Single step:false
App Mode: DEVELOPER
Menu Key: ESCAPE
Stage Style: DECORATED
Scene Factory: class com.almasb.fxgl.app.scene.SceneFactory

17:02:28.283 [JavaFX Application Thread] DEBUG FXGLApplication      - Initializing FXGL
17:02:28.285 [JavaFX Application Thread] INFO  Engine               - FXGL-dev-SNAPSHOT (19.03.2021 10.33) on WINDOWS (J:14.0.2 FX:15)
17:02:28.286 [JavaFX Application Thread] DEBUG Engine               - JRE Vendor Name: Oracle Corporation
17:02:28.286 [JavaFX Application Thread] DEBUG Engine               - Running on OS: Windows 10 version 10.0
17:02:28.286 [JavaFX Application Thread] DEBUG Engine               - Architecture: amd64
17:02:28.286 [JavaFX Application Thread] INFO  Engine               - Source code and latest versions at: https://github.com/AlmasB/FXGL
17:02:28.286 [JavaFX Application Thread] INFO  Engine               -              Join the FXGL chat at: https://gitter.im/AlmasB/FXGL
17:02:28.363 [JavaFX Application Thread] DEBUG PrimaryStageWindow   - Creating a JavaFX scene
17:02:28.402 [JavaFX Application Thread] DEBUG PrimaryStageWindow   - Target settings size: 1300.0 x 800.0
17:02:28.402 [JavaFX Application Thread] DEBUG PrimaryStageWindow   - Scaled scene size:    1300.0 x 800.0
17:02:28.402 [JavaFX Application Thread] DEBUG PrimaryStageWindow   - Scaled ratio: (1.0, 1.0)
17:02:28.402 [JavaFX Application Thread] DEBUG PrimaryStageWindow   - Set initial scene to FXGLStartupScene
17:02:28.407 [JavaFX Application Thread] DEBUG PrimaryStageWindow   - Opening main window
17:02:28.462 [JavaFX Application Thread] DEBUG PrimaryStageWindow   - Window border size: (16.0, 39.0)
17:02:28.462 [JavaFX Application Thread] DEBUG PrimaryStageWindow   - Scaled size: 1300.0 x 800.0
17:02:28.462 [JavaFX Application Thread] DEBUG PrimaryStageWindow   - Scaled ratio: (1.0, 1.0)
17:02:28.462 [JavaFX Application Thread] DEBUG PrimaryStageWindow   - Scene size: 1300.0 x 800.0
17:02:28.462 [JavaFX Application Thread] DEBUG PrimaryStageWindow   - Stage size: 1316.0 x 839.0
17:02:28.467 [FXGL Background Thread 1 ] DEBUG Engine               - Initializing environment variables
17:02:28.496 [FXGL Background Thread 1 ] DEBUG FXGLAssetLoaderServi - User app class for loading assets: class Game
17:02:28.497 [FXGL Background Thread 1 ] DEBUG GameApplicationServi - Applying CSS: fxgl_dark.css
17:02:28.498 [FXGL Background Thread 1 ] DEBUG FXGLAssetLoaderServi - Loading from file system: jar:file:/C:/Users/Dev's%20Desktop/.m2/repository/com/github/almasb/fxgl/dev-SNAPSHOT/fxgl-dev-20210319.103432-1710.jar!/fxglassets/ui/css/fxgl_dark.css
17:02:28.533 [FXGL Background Thread 1 ] DEBUG GameApplicationServi - Initializing application scenes
17:02:28.565 [FXGL Background Thread 1 ] DEBUG GameWorld            - Game world initialized
17:02:28.618 [FXGL Background Thread 1 ] DEBUG PhysicsWorld         - Physics world initialized: appHeight=800, physics.ppm=50.0
17:02:28.618 [FXGL Background Thread 1 ] DEBUG PhysicsWorld         - Using strategy: BRUTE_FORCE
17:02:28.621 [FXGL Background Thread 1 ] DEBUG GameScene            - Game scene initialized: 1300x800
17:02:28.647 [FXGL Background Thread 1 ] DEBUG FXGLAssetLoaderServi - Loading from file system: jar:file:/C:/Users/Dev's%20Desktop/.m2/repository/com/github/almasb/fxgl/dev-SNAPSHOT/fxgl-dev-20210319.103432-1710.jar!/fxglassets/textures/particles/trace_horizontal.png
17:02:28.685 [FXGL Background Thread 1 ] DEBUG FXGL.DefaultMenu     - createMenuBodyMainMenu()
17:02:28.699 [FXGL Background Thread 1 ] DEBUG FXGL.DefaultMenu     - createOptionsMenu()
17:02:28.704 [FXGL Background Thread 1 ] DEBUG FXGLAssetLoaderServi - Loading from file system: jar:file:/C:/Users/Dev's%20Desktop/.m2/repository/com/github/almasb/fxgl/dev-SNAPSHOT/fxgl-dev-20210319.103432-1710.jar!/fxglassets/textures/particles/smoke.png
17:02:28.759 [FXGL Background Thread 1 ] DEBUG FXGL.DefaultMenu     - createMenuBodyGameMenu()
17:02:28.761 [FXGL Background Thread 1 ] DEBUG FXGL.DefaultMenu     - createOptionsMenu()
17:02:28.772 [FXGL Background Thread 1 ] DEBUG GameApplicationServi - Application scenes initialized
17:02:28.780 [FXGL Background Thread 1 ] DEBUG SystemBundleService  - Loading FXGL system data
17:02:28.790 [FXGL Background Thread 1 ] DEBUG FileSystemAccess     - Reading from: E:\FINAL Centipede Projects\system\fxgl.bundle
17:02:28.795 [FXGL Background Thread 1 ] DEBUG SystemBundleService  - Bundle FXGL: {}
17:02:28.795 [FXGL Background Thread 1 ] DEBUG UpdaterService       - Checking for updates
17:02:28.798 [FXGL Background Thread 4 ] DEBUG FXGLApplication      - Loading fonts
17:02:28.799 [FXGL Background Thread 1 ] DEBUG FXGLApplication      - Loading default localization
17:02:28.799 [FXGL Background Thread 4 ] DEBUG FXGLAssetLoaderServi - Loading from file system: jar:file:/C:/Users/Dev's%20Desktop/.m2/repository/com/github/almasb/fxgl/dev-SNAPSHOT/fxgl-dev-20210319.103432-1710.jar!/fxglassets/ui/fonts/VarelaRound-Regular.ttf
17:02:28.799 [FXGL Background Thread 1 ] DEBUG FXGLAssetLoaderServi - Loading from file system: jar:file:/C:/Users/Dev's%20Desktop/.m2/repository/com/github/almasb/fxgl/dev-SNAPSHOT/fxgl-dev-20210319.103432-1710.jar!/fxglassets/languages/english.lang
17:02:28.808 [FXGL Background Thread 1 ] INFO  FXGLApplication      - FXGL initialization took: 0.341 sec
17:02:28.814 [JavaFX Application Thread] DEBUG Input                - Registered new binding: Up - Up
17:02:28.814 [JavaFX Application Thread] DEBUG Input                - Registered new binding: Down - Down
17:02:28.815 [JavaFX Application Thread] DEBUG Input                - Registered new binding: Left - Left
17:02:28.815 [JavaFX Application Thread] DEBUG Input                - Registered new binding: Right - Right
17:02:28.815 [JavaFX Application Thread] DEBUG Input                - Registered new binding: Shoot - Space
17:02:28.815 [JavaFX Application Thread] DEBUG FXGLAssetLoaderServi - Loading from file system: jar:file:/C:/Users/Dev's%20Desktop/.m2/repository/com/github/almasb/fxgl/dev-SNAPSHOT/fxgl-dev-20210319.103432-1710.jar!/fxglassets/textures/fxgl_icon.png
17:02:28.827 [FXGL Background Thread 4 ] DEBUG FXGLAssetLoaderServi - Loading from file system: jar:file:/C:/Users/Dev's%20Desktop/.m2/repository/com/github/almasb/fxgl/dev-SNAPSHOT/fxgl-dev-20210319.103432-1710.jar!/fxglassets/ui/fonts/Abel-Regular.ttf
17:02:28.828 [FXGL Background Thread 4 ] DEBUG FXGLAssetLoaderServi - Loading from file system: jar:file:/C:/Users/Dev's%20Desktop/.m2/repository/com/github/almasb/fxgl/dev-SNAPSHOT/fxgl-dev-20210319.103432-1710.jar!/fxglassets/ui/fonts/lucida_console.ttf
17:02:28.831 [JavaFX Application Thread] DEBUG FXGLAssetLoaderServi - Loading from file system: jar:file:/C:/Users/Dev's%20Desktop/.m2/repository/com/github/almasb/fxgl/dev-SNAPSHOT/fxgl-dev-20210319.103432-1710.jar!/fxglassets/ui/cursors/fxgl_default.png
17:02:28.832 [FXGL Background Thread 4 ] DEBUG FXGLAssetLoaderServi - Loading from file system: jar:file:/C:/Users/Dev's%20Desktop/.m2/repository/com/github/almasb/fxgl/dev-SNAPSHOT/fxgl-dev-20210319.103432-1710.jar!/fxglassets/ui/fonts/Courier-Prime.ttf
17:02:28.833 [JavaFX Application Thread] DEBUG Input                - Registered new binding: Screenshot - P
17:02:28.833 [JavaFX Application Thread] DEBUG Input                - Registered new binding: System info dump - CTRL+9
17:02:28.833 [JavaFX Application Thread] DEBUG Input                - Registered new binding: Restart - CTRL+R
17:02:28.834 [JavaFX Application Thread] DEBUG Input                - Registered new binding: Toggle Debug Camera - CTRL+C
17:02:28.835 [JavaFX Application Thread] DEBUG LoopRunner           - Starting loop
17:02:28.835 [JavaFX Application Thread] DEBUG LoopRunner           - Initializing JavaFX AnimationTimerLoop
17:02:28.837 [JavaFX Application Thread] DEBUG Input                - Clearing active input actions
17:02:28.841 [JavaFX Application Thread] DEBUG GameApplicationServi - Removing overlay from FXGLStartupScene and adding to FXGLMainMenuDummyScene
17:02:28.842 [JavaFX Application Thread] DEBUG PrimaryStageWindow   - FXGLStartupScene -> FXGLMainMenuDummyScene
17:02:28.842 [JavaFX Application Thread] DEBUG PrimaryStageWindow   - Push state: FXGLDefaultMenu
17:02:28.844 [JavaFX Application Thread] DEBUG Input                - Clearing active input actions
17:02:28.849 [JavaFX Application Thread] DEBUG GameApplicationServi - Removing overlay from FXGLMainMenuDummyScene and adding to FXGLDefaultMenu
17:02:28.849 [JavaFX Application Thread] DEBUG PrimaryStageWindow   - FXGLMainMenuDummyScene -> FXGLDefaultMenu
17:02:28.850 [JavaFX Application Thread] DEBUG FXGLApplication      - Registering font factories with UI factory
17:02:29.074 [FXGL Background Thread 2 ] INFO  UpdaterService       - Your current version:  dev-SNAPSHOT
17:02:29.074 [FXGL Background Thread 2 ] INFO  UpdaterService       - Latest stable version: 11.14
17:02:31.799 [FXGL Background Thread 3 ] DEBUG Engine               - Logging environment variables
17:02:31.799 [FXGL Background Thread 3 ] DEBUG Engine               - achievements: []
17:02:31.799 [FXGL Background Thread 3 ] DEBUG Engine               - actualHeight: 800.0
17:02:31.799 [FXGL Background Thread 3 ] DEBUG Engine               - actualHeightProperty: ReadOnlyDoubleProperty [value: 800.0]
17:02:31.799 [FXGL Background Thread 3 ] DEBUG Engine               - actualWidth: 1300.0
17:02:31.799 [FXGL Background Thread 3 ] DEBUG Engine               - actualWidthProperty: ReadOnlyDoubleProperty [value: 1300.0]
17:02:31.799 [FXGL Background Thread 3 ] DEBUG Engine               - appIcon: fxgl_icon.png
17:02:31.799 [FXGL Background Thread 3 ] DEBUG Engine               - applicationMode: DEVELOPER
17:02:31.799 [FXGL Background Thread 3 ] DEBUG Engine               - cSSList: [fxgl_dark.css]
17:02:31.799 [FXGL Background Thread 3 ] DEBUG Engine               - collisionDetectionStrategy: BRUTE_FORCE
17:02:31.800 [FXGL Background Thread 3 ] DEBUG Engine               - configClass: Optional.empty
17:02:31.800 [FXGL Background Thread 3 ] DEBUG Engine               - credits: []
17:02:31.800 [FXGL Background Thread 3 ] DEBUG Engine               - devBBoxColorProperty: ObjectProperty [value: 0xff0000ff]
17:02:31.800 [FXGL Background Thread 3 ] DEBUG Engine               - devEnableDebugCameraProperty: BooleanProperty [value: false]
17:02:31.800 [FXGL Background Thread 3 ] DEBUG Engine               - devSensorColorProperty: ObjectProperty [value: 0xffff00ff]
17:02:31.800 [FXGL Background Thread 3 ] DEBUG Engine               - devShowBBoxProperty: BooleanProperty [value: false]
17:02:31.800 [FXGL Background Thread 3 ] DEBUG Engine               - devShowPositionProperty: BooleanProperty [value: false]
17:02:31.800 [FXGL Background Thread 3 ] DEBUG Engine               - enabledMenuItems: []
17:02:31.800 [FXGL Background Thread 3 ] DEBUG Engine               - engineServices: [class com.almasb.fxgl.app.services.FXGLAssetLoaderService, class com.almasb.fxgl.app.FXGLApplication$GameApplicationService, class com.almasb.fxgl.app.services.FXGLDialogService, class com.almasb.fxgl.app.services.IOTaskExecutorService, class com.almasb.fxgl.event.EventBusService, class com.almasb.fxgl.io.FileSystemService, class com.almasb.fxgl.localization.LocalizationService, class com.almasb.fxgl.app.services.SystemBundleService, class com.almasb.fxgl.profile.SaveLoadService, class com.almasb.fxgl.ui.FXGLUIFactoryServiceProvider, class com.almasb.fxgl.ui.FXGLDialogFactoryServiceProvider, class com.almasb.fxgl.audio.AudioPlayer, class com.almasb.fxgl.notification.impl.NotificationServiceProvider, class com.almasb.fxgl.achievement.AchievementService, class com.almasb.fxgl.cutscene.CutsceneService, class com.almasb.fxgl.minigames.MiniGameService, class com.almasb.fxgl.net.NetService, class com.almasb.fxgl.app.services.UpdaterService, class com.almasb.fxgl.dev.DevService]
17:02:31.800 [FXGL Background Thread 3 ] DEBUG Engine               - fontGame: Abel-Regular.ttf
17:02:31.800 [FXGL Background Thread 3 ] DEBUG Engine               - fontMono: lucida_console.ttf
17:02:31.800 [FXGL Background Thread 3 ] DEBUG Engine               - fontText: Courier-Prime.ttf
17:02:31.800 [FXGL Background Thread 3 ] DEBUG Engine               - fontUI: VarelaRound-Regular.ttf
17:02:31.800 [FXGL Background Thread 3 ] DEBUG Engine               - fullScreen: BooleanProperty [value: false]
17:02:31.800 [FXGL Background Thread 3 ] DEBUG Engine               - gameDifficulty: MEDIUM
17:02:31.800 [FXGL Background Thread 3 ] DEBUG Engine               - gameDifficultyProperty: ObjectProperty [value: MEDIUM]
17:02:31.800 [FXGL Background Thread 3 ] DEBUG Engine               - globalMusicVolume: 0.5
17:02:31.801 [FXGL Background Thread 3 ] DEBUG Engine               - globalMusicVolumeProperty: DoubleProperty [value: 0.5]
17:02:31.801 [FXGL Background Thread 3 ] DEBUG Engine               - globalSoundVolume: 0.5
17:02:31.801 [FXGL Background Thread 3 ] DEBUG Engine               - globalSoundVolumeProperty: DoubleProperty [value: 0.5]
17:02:31.801 [FXGL Background Thread 3 ] DEBUG Engine               - height: 800
17:02:31.801 [FXGL Background Thread 3 ] DEBUG Engine               - isAndroid: false
17:02:31.801 [FXGL Background Thread 3 ] DEBUG Engine               - isBrowser: false
17:02:31.801 [FXGL Background Thread 3 ] DEBUG Engine               - isClickFeedbackEnabled: false
17:02:31.801 [FXGL Background Thread 3 ] DEBUG Engine               - isCloseConfirmation: false
17:02:31.801 [FXGL Background Thread 3 ] DEBUG Engine               - isDesktop: true
17:02:31.801 [FXGL Background Thread 3 ] DEBUG Engine               - isDeveloperMenuEnabled: false
17:02:31.801 [FXGL Background Thread 3 ] DEBUG Engine               - isEntityPreloadEnabled: true
17:02:31.801 [FXGL Background Thread 3 ] DEBUG Engine               - isExperimental3D: false
17:02:31.801 [FXGL Background Thread 3 ] DEBUG Engine               - isExperimentalNative: false
17:02:31.801 [FXGL Background Thread 3 ] DEBUG Engine               - isExperimentalTiledLargeMap: false
17:02:31.801 [FXGL Background Thread 3 ] DEBUG Engine               - isFileSystemWriteAllowed: true
17:02:31.801 [FXGL Background Thread 3 ] DEBUG Engine               - isFullScreenAllowed: false
17:02:31.801 [FXGL Background Thread 3 ] DEBUG Engine               - isFullScreenFromStart: false
17:02:31.801 [FXGL Background Thread 3 ] DEBUG Engine               - isGameMenuEnabled: true
17:02:31.801 [FXGL Background Thread 3 ] DEBUG Engine               - isIOS: false
17:02:31.801 [FXGL Background Thread 3 ] DEBUG Engine               - isIntroEnabled: false
17:02:31.801 [FXGL Background Thread 3 ] DEBUG Engine               - isLinux: false
17:02:31.802 [FXGL Background Thread 3 ] DEBUG Engine               - isMac: false
17:02:31.802 [FXGL Background Thread 3 ] DEBUG Engine               - isMainMenuEnabled: true
17:02:31.802 [FXGL Background Thread 3 ] DEBUG Engine               - isManualResizeEnabled: false
17:02:31.802 [FXGL Background Thread 3 ] DEBUG Engine               - isMobile: false
17:02:31.802 [FXGL Background Thread 3 ] DEBUG Engine               - isPreserveResizeRatio: false
17:02:31.802 [FXGL Background Thread 3 ] DEBUG Engine               - isProfilingEnabled: false
17:02:31.802 [FXGL Background Thread 3 ] DEBUG Engine               - isScaleAffectedOnResize: true
17:02:31.802 [FXGL Background Thread 3 ] DEBUG Engine               - isSingleStep: false
17:02:31.802 [FXGL Background Thread 3 ] DEBUG Engine               - isUserProfileEnabled: false
17:02:31.802 [FXGL Background Thread 3 ] DEBUG Engine               - isWindows: true
17:02:31.802 [FXGL Background Thread 3 ] DEBUG Engine               - language: ObjectProperty [value: ENGLISH]
17:02:31.802 [FXGL Background Thread 3 ] DEBUG Engine               - menuKey: ESCAPE
17:02:31.802 [FXGL Background Thread 3 ] DEBUG Engine               - notificationViewClass: class com.almasb.fxgl.notification.view.XboxNotificationView
17:02:31.802 [FXGL Background Thread 3 ] DEBUG Engine               - pixelsPerMeter: 50.0
17:02:31.802 [FXGL Background Thread 3 ] DEBUG Engine               - platform: WINDOWS
17:02:31.802 [FXGL Background Thread 3 ] DEBUG Engine               - prefHeightProperty: ReadOnlyDoubleProperty [value: 800.0]
17:02:31.802 [FXGL Background Thread 3 ] DEBUG Engine               - prefWidthProperty: ReadOnlyDoubleProperty [value: 1300.0]
17:02:31.802 [FXGL Background Thread 3 ] DEBUG Engine               - profileDir: profiles/
17:02:31.802 [FXGL Background Thread 3 ] DEBUG Engine               - profileName: StringProperty [value: DEFAULT]
17:02:31.802 [FXGL Background Thread 3 ] DEBUG Engine               - randomSeed: -1
17:02:31.803 [FXGL Background Thread 3 ] DEBUG Engine               - runtimeInfo: RuntimeInfo(platform=WINDOWS, version=dev-SNAPSHOT, build=19.03.2021 10.33)
17:02:31.803 [FXGL Background Thread 3 ] DEBUG Engine               - saveFileExt: sav
17:02:31.803 [FXGL Background Thread 3 ] DEBUG Engine               - scaledHeightProp$fxgl: DoubleProperty [bound, value: 800.0]
17:02:31.803 [FXGL Background Thread 3 ] DEBUG Engine               - scaledWidthProp$fxgl: DoubleProperty [bound, value: 1300.0]
17:02:31.803 [FXGL Background Thread 3 ] DEBUG Engine               - sceneFactory: com.almasb.fxgl.app.scene.SceneFactory@353ca754
17:02:31.803 [FXGL Background Thread 3 ] DEBUG Engine               - secondsIn24h: 60
17:02:31.803 [FXGL Background Thread 3 ] DEBUG Engine               - soundMenuBack: menu/back.wav
17:02:31.803 [FXGL Background Thread 3 ] DEBUG Engine               - soundMenuPress: menu/press.wav
17:02:31.803 [FXGL Background Thread 3 ] DEBUG Engine               - soundMenuSelect: menu/select.wav
17:02:31.803 [FXGL Background Thread 3 ] DEBUG Engine               - soundNotification: core/notification.wav
17:02:31.803 [FXGL Background Thread 3 ] DEBUG Engine               - stageStyle: DECORATED
17:02:31.803 [FXGL Background Thread 3 ] DEBUG Engine               - supportedLanguages: [ENGLISH, FRENCH, GERMAN, HUNGARIAN, RUSSIAN]
17:02:31.803 [FXGL Background Thread 3 ] DEBUG Engine               - ticksPerSecond: -1
17:02:31.803 [FXGL Background Thread 3 ] DEBUG Engine               - title: Centipede
17:02:31.803 [FXGL Background Thread 3 ] DEBUG Engine               - urlGithub: https://github.com/AlmasB/FXGL
17:02:31.803 [FXGL Background Thread 3 ] DEBUG Engine               - urlLeaderboard: http://fxgl-top.herokuapp.com/
17:02:31.803 [FXGL Background Thread 3 ] DEBUG Engine               - urlPOM: https://raw.githubusercontent.com/AlmasB/FXGL/release/README.md
17:02:31.803 [FXGL Background Thread 3 ] DEBUG Engine               - userAppClass: class Game
17:02:31.803 [FXGL Background Thread 3 ] DEBUG Engine               - version: 0.0
17:02:31.803 [FXGL Background Thread 3 ] DEBUG Engine               - versionCheckDays: 7
17:02:31.803 [FXGL Background Thread 3 ] DEBUG Engine               - width: 1300
17:02:31.803 [FXGL Background Thread 3 ] DEBUG Engine               - Logging services
17:02:31.803 [FXGL Background Thread 3 ] DEBUG Engine               - class com.almasb.fxgl.app.services.FXGLAssetLoaderService
17:02:31.803 [FXGL Background Thread 3 ] DEBUG Engine               - class com.almasb.fxgl.app.FXGLApplication$GameApplicationService
17:02:31.803 [FXGL Background Thread 3 ] DEBUG Engine               - class com.almasb.fxgl.app.services.FXGLDialogService
17:02:31.803 [FXGL Background Thread 3 ] DEBUG Engine               - class com.almasb.fxgl.app.services.IOTaskExecutorService
17:02:31.804 [FXGL Background Thread 3 ] DEBUG Engine               - class com.almasb.fxgl.event.EventBusService
17:02:31.804 [FXGL Background Thread 3 ] DEBUG Engine               - class com.almasb.fxgl.io.FileSystemService
17:02:31.804 [FXGL Background Thread 3 ] DEBUG Engine               - class com.almasb.fxgl.localization.LocalizationService
17:02:31.804 [FXGL Background Thread 3 ] DEBUG Engine               - class com.almasb.fxgl.app.services.SystemBundleService
17:02:31.804 [FXGL Background Thread 3 ] DEBUG Engine               - class com.almasb.fxgl.profile.SaveLoadService
17:02:31.804 [FXGL Background Thread 3 ] DEBUG Engine               - class com.almasb.fxgl.ui.FXGLUIFactoryServiceProvider
17:02:31.804 [FXGL Background Thread 3 ] DEBUG Engine               - class com.almasb.fxgl.ui.FXGLDialogFactoryServiceProvider
17:02:31.804 [FXGL Background Thread 3 ] DEBUG Engine               - class com.almasb.fxgl.audio.AudioPlayer
17:02:31.804 [FXGL Background Thread 3 ] DEBUG Engine               - class com.almasb.fxgl.notification.impl.NotificationServiceProvider
17:02:31.804 [FXGL Background Thread 3 ] DEBUG Engine               - class com.almasb.fxgl.achievement.AchievementService
17:02:31.804 [FXGL Background Thread 3 ] DEBUG Engine               - class com.almasb.fxgl.cutscene.CutsceneService
17:02:31.804 [FXGL Background Thread 3 ] DEBUG Engine               - class com.almasb.fxgl.minigames.MiniGameService
17:02:31.804 [FXGL Background Thread 3 ] DEBUG Engine               - class com.almasb.fxgl.net.NetService
17:02:31.804 [FXGL Background Thread 3 ] DEBUG Engine               - class com.almasb.fxgl.app.services.UpdaterService
17:02:31.804 [FXGL Background Thread 3 ] DEBUG Engine               - class com.almasb.fxgl.dev.DevService
17:02:54.428 [JavaFX Application Thread] DEBUG Menu                 - fireNewGame()
17:02:54.428 [JavaFX Application Thread] DEBUG GameApplicationServi - Starting new game
17:02:54.430 [JavaFX Application Thread] DEBUG PrimaryStageWindow   - Pop state: FXGLDefaultMenu
17:02:54.430 [JavaFX Application Thread] DEBUG Input                - Clearing active input actions
17:02:54.430 [JavaFX Application Thread] DEBUG GameApplicationServi - Removing overlay from FXGLDefaultMenu and adding to FXGLMainMenuDummyScene
17:02:54.431 [JavaFX Application Thread] DEBUG PrimaryStageWindow   - FXGLMainMenuDummyScene <- FXGLDefaultMenu
17:02:54.431 [JavaFX Application Thread] DEBUG Input                - Clearing active input actions
17:02:54.435 [JavaFX Application Thread] DEBUG GameApplicationServi - Removing overlay from FXGLMainMenuDummyScene and adding to FXGLLoadingScene
17:02:54.435 [JavaFX Application Thread] DEBUG PrimaryStageWindow   - FXGLMainMenuDummyScene -> FXGLLoadingScene
17:02:54.435 [JavaFX Application Thread] DEBUG GameApplicationServi - Clearing previous game
17:02:54.435 [JavaFX Application Thread] DEBUG GameScene            - Clearing game scene
17:02:54.435 [JavaFX Application Thread] DEBUG GameWorld            - Clearing game world
17:02:54.435 [JavaFX Application Thread] DEBUG PhysicsWorld         - Clearing physics world
17:02:54.436 [FXGL Background Thread 2 ] DEBUG FXGLApplication      - Initializing game
17:02:54.451 [FXGL Background Thread 2 ] DEBUG FXGLAssetLoaderServi - Loading from file system: file:/E:/FINAL%20Centipede%20Projects/target/classes/assets/textures/playerLvl1.png
17:02:54.460 [FXGL Background Thread 2 ] DEBUG FXGLAssetLoaderServi - Loading from file system: file:/E:/FINAL%20Centipede%20Projects/target/classes/assets/textures/spiderLvl1.png
17:02:54.465 [FXGL Background Thread 2 ] DEBUG FXGLAssetLoaderServi - Loading from file system: file:/E:/FINAL%20Centipede%20Projects/target/classes/assets/textures/playerLvl3.png
17:02:54.468 [FXGL Background Thread 2 ] DEBUG FXGLAssetLoaderServi - Loading from file system: file:/E:/FINAL%20Centipede%20Projects/target/classes/assets/textures/spiderLvl3.png
17:02:54.470 [FXGL Background Thread 2 ] DEBUG FXGLAssetLoaderServi - Loading from file system: file:/E:/FINAL%20Centipede%20Projects/target/classes/assets/textures/rockLvl1.png
17:02:54.471 [FXGL Background Thread 2 ] DEBUG FXGLAssetLoaderServi - Loading from file system: file:/E:/FINAL%20Centipede%20Projects/target/classes/assets/textures/rockLvl3.png
17:02:54.473 [FXGL Background Thread 2 ] DEBUG FXGLAssetLoaderServi - Loading from file system: file:/E:/FINAL%20Centipede%20Projects/target/classes/assets/textures/mushroomLv1.png
17:02:54.475 [FXGL Background Thread 2 ] DEBUG FXGLAssetLoaderServi - Loading from file system: file:/E:/FINAL%20Centipede%20Projects/target/classes/assets/textures/mushroomLvl3.png
17:02:54.488 [FXGL Background Thread 2 ] DEBUG FXGLAssetLoaderServi - Loading from file system: file:/E:/FINAL%20Centipede%20Projects/target/classes/assets/textures/centipedeHeadLvl1.png
17:02:54.490 [FXGL Background Thread 2 ] DEBUG FXGLAssetLoaderServi - Loading from file system: file:/E:/FINAL%20Centipede%20Projects/target/classes/assets/textures/centipedeHeadLvl3.png
17:02:54.491 [FXGL Background Thread 2 ] DEBUG FXGLAssetLoaderServi - Loading from file system: file:/E:/FINAL%20Centipede%20Projects/target/classes/assets/textures/centipedeBodyLvl1.png
17:02:54.492 [FXGL Background Thread 2 ] DEBUG FXGLAssetLoaderServi - Loading from file system: file:/E:/FINAL%20Centipede%20Projects/target/classes/assets/textures/centipedeBodyLvl3.png
17:02:54.502 [FXGL Background Thread 2 ] INFO  FXGLApplication      - Game initialization took: 0.066 sec
17:02:54.511 [JavaFX Application Thread] DEBUG Input                - Clearing active input actions
17:02:54.516 [JavaFX Application Thread] DEBUG GameApplicationServi - Removing overlay from FXGLLoadingScene and adding to GameScene
17:02:54.517 [JavaFX Application Thread] DEBUG PrimaryStageWindow   - FXGLLoadingScene -> GameScene
17:02:57.201 [JavaFX Application Thread] DEBUG FXGLApplication      - Exiting FXGL
17:02:57.201 [JavaFX Application Thread] DEBUG LoopRunner           - Stopping loop
17:02:57.201 [JavaFX Application Thread] DEBUG SystemBundleService  - Saving FXGL system data
17:02:57.208 [JavaFX Application Thread] DEBUG FileSystemAccess     - Writing to: E:\FINAL Centipede Projects\system\fxgl.bundle
17:02:57.217 [JavaFX Application Thread] DEBUG Async                - Shutting down background threads
17:02:57.218 [JavaFX Application Thread] DEBUG PrimaryStageWindow   - Closing main window
17:02:57.224 [JavaFX Application Thread] DEBUG Logger               - Closing Logger
