17:04:34.274 [main                     ] DEBUG Logger               - Configured Logger
17:04:34.278 [main                     ] DEBUG GameApplication      - Logging settings
Title: Centipede
Version: 0.0
Width: 1300
Height: 800
Fullscreen: false
Intro: false
Profiling: false
Single step:false
App Mode: DEVELOPER
Menu Key: ESCAPE
Stage Style: DECORATED
Scene Factory: class com.almasb.fxgl.app.scene.SceneFactory

17:04:34.530 [JavaFX Application Thread] DEBUG FXGLApplication      - Initializing FXGL
17:04:34.531 [JavaFX Application Thread] INFO  Engine               - FXGL-dev-SNAPSHOT (19.03.2021 10.33) on WINDOWS (J:14.0.2 FX:15)
17:04:34.531 [JavaFX Application Thread] DEBUG Engine               - JRE Vendor Name: Oracle Corporation
17:04:34.532 [JavaFX Application Thread] DEBUG Engine               - Running on OS: Windows 10 version 10.0
17:04:34.532 [JavaFX Application Thread] DEBUG Engine               - Architecture: amd64
17:04:34.532 [JavaFX Application Thread] INFO  Engine               - Source code and latest versions at: https://github.com/AlmasB/FXGL
17:04:34.532 [JavaFX Application Thread] INFO  Engine               -              Join the FXGL chat at: https://gitter.im/AlmasB/FXGL
17:04:34.615 [JavaFX Application Thread] DEBUG PrimaryStageWindow   - Creating a JavaFX scene
17:04:34.654 [JavaFX Application Thread] DEBUG PrimaryStageWindow   - Target settings size: 1300.0 x 800.0
17:04:34.654 [JavaFX Application Thread] DEBUG PrimaryStageWindow   - Scaled scene size:    1300.0 x 800.0
17:04:34.654 [JavaFX Application Thread] DEBUG PrimaryStageWindow   - Scaled ratio: (1.0, 1.0)
17:04:34.655 [JavaFX Application Thread] DEBUG PrimaryStageWindow   - Set initial scene to FXGLStartupScene
17:04:34.660 [JavaFX Application Thread] DEBUG PrimaryStageWindow   - Opening main window
17:04:34.709 [JavaFX Application Thread] DEBUG PrimaryStageWindow   - Window border size: (16.0, 39.0)
17:04:34.709 [JavaFX Application Thread] DEBUG PrimaryStageWindow   - Scaled size: 1300.0 x 800.0
17:04:34.709 [JavaFX Application Thread] DEBUG PrimaryStageWindow   - Scaled ratio: (1.0, 1.0)
17:04:34.709 [JavaFX Application Thread] DEBUG PrimaryStageWindow   - Scene size: 1300.0 x 800.0
17:04:34.709 [JavaFX Application Thread] DEBUG PrimaryStageWindow   - Stage size: 1316.0 x 839.0
17:04:34.718 [FXGL Background Thread 1 ] DEBUG Engine               - Initializing environment variables
17:04:34.740 [FXGL Background Thread 1 ] DEBUG FXGLAssetLoaderServi - User app class for loading assets: class Game
17:04:34.740 [FXGL Background Thread 1 ] DEBUG GameApplicationServi - Applying CSS: fxgl_dark.css
17:04:34.741 [FXGL Background Thread 1 ] DEBUG FXGLAssetLoaderServi - Loading from file system: jar:file:/C:/Users/Dev's%20Desktop/.m2/repository/com/github/almasb/fxgl/dev-SNAPSHOT/fxgl-dev-20210319.103432-1710.jar!/fxglassets/ui/css/fxgl_dark.css
17:04:34.773 [FXGL Background Thread 1 ] DEBUG GameApplicationServi - Initializing application scenes
17:04:34.805 [FXGL Background Thread 1 ] DEBUG GameWorld            - Game world initialized
17:04:34.842 [FXGL Background Thread 1 ] DEBUG PhysicsWorld         - Physics world initialized: appHeight=800, physics.ppm=50.0
17:04:34.842 [FXGL Background Thread 1 ] DEBUG PhysicsWorld         - Using strategy: BRUTE_FORCE
17:04:34.843 [FXGL Background Thread 1 ] DEBUG GameScene            - Game scene initialized: 1300x800
17:04:34.869 [FXGL Background Thread 1 ] DEBUG FXGLAssetLoaderServi - Loading from file system: jar:file:/C:/Users/Dev's%20Desktop/.m2/repository/com/github/almasb/fxgl/dev-SNAPSHOT/fxgl-dev-20210319.103432-1710.jar!/fxglassets/textures/particles/trace_horizontal.png
17:04:34.904 [FXGL Background Thread 1 ] DEBUG FXGL.DefaultMenu     - createMenuBodyMainMenu()
17:04:34.915 [FXGL Background Thread 1 ] DEBUG FXGL.DefaultMenu     - createOptionsMenu()
17:04:34.920 [FXGL Background Thread 1 ] DEBUG FXGLAssetLoaderServi - Loading from file system: jar:file:/C:/Users/Dev's%20Desktop/.m2/repository/com/github/almasb/fxgl/dev-SNAPSHOT/fxgl-dev-20210319.103432-1710.jar!/fxglassets/textures/particles/smoke.png
17:04:34.960 [FXGL Background Thread 1 ] DEBUG FXGL.DefaultMenu     - createMenuBodyGameMenu()
17:04:34.961 [FXGL Background Thread 1 ] DEBUG FXGL.DefaultMenu     - createOptionsMenu()
17:04:34.973 [FXGL Background Thread 1 ] DEBUG GameApplicationServi - Application scenes initialized
17:04:34.985 [FXGL Background Thread 1 ] DEBUG SystemBundleService  - Loading FXGL system data
17:04:34.990 [FXGL Background Thread 1 ] DEBUG FileSystemAccess     - Reading from: E:\FINAL Centipede Projects\system\fxgl.bundle
17:04:34.995 [FXGL Background Thread 1 ] DEBUG SystemBundleService  - Bundle FXGL: {}
17:04:34.995 [FXGL Background Thread 1 ] DEBUG UpdaterService       - Checking for updates
17:04:34.999 [FXGL Background Thread 4 ] DEBUG FXGLApplication      - Loading fonts
17:04:35.000 [FXGL Background Thread 1 ] DEBUG FXGLApplication      - Loading default localization
17:04:35.000 [FXGL Background Thread 4 ] DEBUG FXGLAssetLoaderServi - Loading from file system: jar:file:/C:/Users/Dev's%20Desktop/.m2/repository/com/github/almasb/fxgl/dev-SNAPSHOT/fxgl-dev-20210319.103432-1710.jar!/fxglassets/ui/fonts/VarelaRound-Regular.ttf
17:04:35.000 [FXGL Background Thread 1 ] DEBUG FXGLAssetLoaderServi - Loading from file system: jar:file:/C:/Users/Dev's%20Desktop/.m2/repository/com/github/almasb/fxgl/dev-SNAPSHOT/fxgl-dev-20210319.103432-1710.jar!/fxglassets/languages/english.lang
17:04:35.011 [FXGL Background Thread 1 ] INFO  FXGLApplication      - FXGL initialization took: 0.293 sec
17:04:35.021 [JavaFX Application Thread] DEBUG Input                - Registered new binding: Up - Up
17:04:35.021 [JavaFX Application Thread] DEBUG Input                - Registered new binding: Down - Down
17:04:35.021 [JavaFX Application Thread] DEBUG Input                - Registered new binding: Left - Left
17:04:35.021 [JavaFX Application Thread] DEBUG Input                - Registered new binding: Right - Right
17:04:35.021 [JavaFX Application Thread] DEBUG Input                - Registered new binding: Shoot - Space
17:04:35.022 [JavaFX Application Thread] DEBUG FXGLAssetLoaderServi - Loading from file system: jar:file:/C:/Users/Dev's%20Desktop/.m2/repository/com/github/almasb/fxgl/dev-SNAPSHOT/fxgl-dev-20210319.103432-1710.jar!/fxglassets/textures/fxgl_icon.png
17:04:35.037 [FXGL Background Thread 4 ] DEBUG FXGLAssetLoaderServi - Loading from file system: jar:file:/C:/Users/Dev's%20Desktop/.m2/repository/com/github/almasb/fxgl/dev-SNAPSHOT/fxgl-dev-20210319.103432-1710.jar!/fxglassets/ui/fonts/Abel-Regular.ttf
17:04:35.038 [JavaFX Application Thread] DEBUG FXGLAssetLoaderServi - Loading from file system: jar:file:/C:/Users/Dev's%20Desktop/.m2/repository/com/github/almasb/fxgl/dev-SNAPSHOT/fxgl-dev-20210319.103432-1710.jar!/fxglassets/ui/cursors/fxgl_default.png
17:04:35.039 [JavaFX Application Thread] DEBUG Input                - Registered new binding: Screenshot - P
17:04:35.040 [JavaFX Application Thread] DEBUG Input                - Registered new binding: System info dump - CTRL+9
17:04:35.040 [FXGL Background Thread 4 ] DEBUG FXGLAssetLoaderServi - Loading from file system: jar:file:/C:/Users/Dev's%20Desktop/.m2/repository/com/github/almasb/fxgl/dev-SNAPSHOT/fxgl-dev-20210319.103432-1710.jar!/fxglassets/ui/fonts/lucida_console.ttf
17:04:35.040 [JavaFX Application Thread] DEBUG Input                - Registered new binding: Restart - CTRL+R
17:04:35.040 [JavaFX Application Thread] DEBUG Input                - Registered new binding: Toggle Debug Camera - CTRL+C
17:04:35.041 [JavaFX Application Thread] DEBUG LoopRunner           - Starting loop
17:04:35.042 [JavaFX Application Thread] DEBUG LoopRunner           - Initializing JavaFX AnimationTimerLoop
17:04:35.043 [FXGL Background Thread 4 ] DEBUG FXGLAssetLoaderServi - Loading from file system: jar:file:/C:/Users/Dev's%20Desktop/.m2/repository/com/github/almasb/fxgl/dev-SNAPSHOT/fxgl-dev-20210319.103432-1710.jar!/fxglassets/ui/fonts/Courier-Prime.ttf
17:04:35.043 [JavaFX Application Thread] DEBUG Input                - Clearing active input actions
17:04:35.048 [JavaFX Application Thread] DEBUG GameApplicationServi - Removing overlay from FXGLStartupScene and adding to FXGLMainMenuDummyScene
17:04:35.048 [JavaFX Application Thread] DEBUG PrimaryStageWindow   - FXGLStartupScene -> FXGLMainMenuDummyScene
17:04:35.048 [JavaFX Application Thread] DEBUG PrimaryStageWindow   - Push state: FXGLDefaultMenu
17:04:35.051 [JavaFX Application Thread] DEBUG Input                - Clearing active input actions
17:04:35.057 [JavaFX Application Thread] DEBUG GameApplicationServi - Removing overlay from FXGLMainMenuDummyScene and adding to FXGLDefaultMenu
17:04:35.058 [JavaFX Application Thread] DEBUG PrimaryStageWindow   - FXGLMainMenuDummyScene -> FXGLDefaultMenu
17:04:35.058 [JavaFX Application Thread] DEBUG FXGLApplication      - Registering font factories with UI factory
17:04:35.269 [FXGL Background Thread 2 ] INFO  UpdaterService       - Your current version:  dev-SNAPSHOT
17:04:35.269 [FXGL Background Thread 2 ] INFO  UpdaterService       - Latest stable version: 11.14
17:04:37.999 [FXGL Background Thread 3 ] DEBUG Engine               - Logging environment variables
17:04:37.999 [FXGL Background Thread 3 ] DEBUG Engine               - achievements: []
17:04:37.999 [FXGL Background Thread 3 ] DEBUG Engine               - actualHeight: 800.0
17:04:37.999 [FXGL Background Thread 3 ] DEBUG Engine               - actualHeightProperty: ReadOnlyDoubleProperty [value: 800.0]
17:04:37.999 [FXGL Background Thread 3 ] DEBUG Engine               - actualWidth: 1300.0
17:04:37.999 [FXGL Background Thread 3 ] DEBUG Engine               - actualWidthProperty: ReadOnlyDoubleProperty [value: 1300.0]
17:04:37.999 [FXGL Background Thread 3 ] DEBUG Engine               - appIcon: fxgl_icon.png
17:04:37.999 [FXGL Background Thread 3 ] DEBUG Engine               - applicationMode: DEVELOPER
17:04:37.999 [FXGL Background Thread 3 ] DEBUG Engine               - cSSList: [fxgl_dark.css]
17:04:37.999 [FXGL Background Thread 3 ] DEBUG Engine               - collisionDetectionStrategy: BRUTE_FORCE
17:04:37.999 [FXGL Background Thread 3 ] DEBUG Engine               - configClass: Optional.empty
17:04:38.000 [FXGL Background Thread 3 ] DEBUG Engine               - credits: []
17:04:38.000 [FXGL Background Thread 3 ] DEBUG Engine               - devBBoxColorProperty: ObjectProperty [value: 0xff0000ff]
17:04:38.000 [FXGL Background Thread 3 ] DEBUG Engine               - devEnableDebugCameraProperty: BooleanProperty [value: false]
17:04:38.000 [FXGL Background Thread 3 ] DEBUG Engine               - devSensorColorProperty: ObjectProperty [value: 0xffff00ff]
17:04:38.000 [FXGL Background Thread 3 ] DEBUG Engine               - devShowBBoxProperty: BooleanProperty [value: false]
17:04:38.000 [FXGL Background Thread 3 ] DEBUG Engine               - devShowPositionProperty: BooleanProperty [value: false]
17:04:38.000 [FXGL Background Thread 3 ] DEBUG Engine               - enabledMenuItems: []
17:04:38.000 [FXGL Background Thread 3 ] DEBUG Engine               - engineServices: [class com.almasb.fxgl.app.services.FXGLAssetLoaderService, class com.almasb.fxgl.app.FXGLApplication$GameApplicationService, class com.almasb.fxgl.app.services.FXGLDialogService, class com.almasb.fxgl.app.services.IOTaskExecutorService, class com.almasb.fxgl.event.EventBusService, class com.almasb.fxgl.io.FileSystemService, class com.almasb.fxgl.localization.LocalizationService, class com.almasb.fxgl.app.services.SystemBundleService, class com.almasb.fxgl.profile.SaveLoadService, class com.almasb.fxgl.ui.FXGLUIFactoryServiceProvider, class com.almasb.fxgl.ui.FXGLDialogFactoryServiceProvider, class com.almasb.fxgl.audio.AudioPlayer, class com.almasb.fxgl.notification.impl.NotificationServiceProvider, class com.almasb.fxgl.achievement.AchievementService, class com.almasb.fxgl.cutscene.CutsceneService, class com.almasb.fxgl.minigames.MiniGameService, class com.almasb.fxgl.net.NetService, class com.almasb.fxgl.app.services.UpdaterService, class com.almasb.fxgl.dev.DevService]
17:04:38.000 [FXGL Background Thread 3 ] DEBUG Engine               - fontGame: Abel-Regular.ttf
17:04:38.000 [FXGL Background Thread 3 ] DEBUG Engine               - fontMono: lucida_console.ttf
17:04:38.000 [FXGL Background Thread 3 ] DEBUG Engine               - fontText: Courier-Prime.ttf
17:04:38.000 [FXGL Background Thread 3 ] DEBUG Engine               - fontUI: VarelaRound-Regular.ttf
17:04:38.000 [FXGL Background Thread 3 ] DEBUG Engine               - fullScreen: BooleanProperty [value: false]
17:04:38.000 [FXGL Background Thread 3 ] DEBUG Engine               - gameDifficulty: MEDIUM
17:04:38.000 [FXGL Background Thread 3 ] DEBUG Engine               - gameDifficultyProperty: ObjectProperty [value: MEDIUM]
17:04:38.000 [FXGL Background Thread 3 ] DEBUG Engine               - globalMusicVolume: 0.5
17:04:38.001 [FXGL Background Thread 3 ] DEBUG Engine               - globalMusicVolumeProperty: DoubleProperty [value: 0.5]
17:04:38.001 [FXGL Background Thread 3 ] DEBUG Engine               - globalSoundVolume: 0.5
17:04:38.001 [FXGL Background Thread 3 ] DEBUG Engine               - globalSoundVolumeProperty: DoubleProperty [value: 0.5]
17:04:38.001 [FXGL Background Thread 3 ] DEBUG Engine               - height: 800
17:04:38.001 [FXGL Background Thread 3 ] DEBUG Engine               - isAndroid: false
17:04:38.001 [FXGL Background Thread 3 ] DEBUG Engine               - isBrowser: false
17:04:38.001 [FXGL Background Thread 3 ] DEBUG Engine               - isClickFeedbackEnabled: false
17:04:38.001 [FXGL Background Thread 3 ] DEBUG Engine               - isCloseConfirmation: false
17:04:38.001 [FXGL Background Thread 3 ] DEBUG Engine               - isDesktop: true
17:04:38.001 [FXGL Background Thread 3 ] DEBUG Engine               - isDeveloperMenuEnabled: false
17:04:38.001 [FXGL Background Thread 3 ] DEBUG Engine               - isEntityPreloadEnabled: true
17:04:38.001 [FXGL Background Thread 3 ] DEBUG Engine               - isExperimental3D: false
17:04:38.001 [FXGL Background Thread 3 ] DEBUG Engine               - isExperimentalNative: false
17:04:38.001 [FXGL Background Thread 3 ] DEBUG Engine               - isExperimentalTiledLargeMap: false
17:04:38.001 [FXGL Background Thread 3 ] DEBUG Engine               - isFileSystemWriteAllowed: true
17:04:38.001 [FXGL Background Thread 3 ] DEBUG Engine               - isFullScreenAllowed: false
17:04:38.001 [FXGL Background Thread 3 ] DEBUG Engine               - isFullScreenFromStart: false
17:04:38.001 [FXGL Background Thread 3 ] DEBUG Engine               - isGameMenuEnabled: true
17:04:38.001 [FXGL Background Thread 3 ] DEBUG Engine               - isIOS: false
17:04:38.001 [FXGL Background Thread 3 ] DEBUG Engine               - isIntroEnabled: false
17:04:38.002 [FXGL Background Thread 3 ] DEBUG Engine               - isLinux: false
17:04:38.002 [FXGL Background Thread 3 ] DEBUG Engine               - isMac: false
17:04:38.002 [FXGL Background Thread 3 ] DEBUG Engine               - isMainMenuEnabled: true
17:04:38.002 [FXGL Background Thread 3 ] DEBUG Engine               - isManualResizeEnabled: false
17:04:38.002 [FXGL Background Thread 3 ] DEBUG Engine               - isMobile: false
17:04:38.002 [FXGL Background Thread 3 ] DEBUG Engine               - isPreserveResizeRatio: false
17:04:38.002 [FXGL Background Thread 3 ] DEBUG Engine               - isProfilingEnabled: false
17:04:38.002 [FXGL Background Thread 3 ] DEBUG Engine               - isScaleAffectedOnResize: true
17:04:38.002 [FXGL Background Thread 3 ] DEBUG Engine               - isSingleStep: false
17:04:38.002 [FXGL Background Thread 3 ] DEBUG Engine               - isUserProfileEnabled: false
17:04:38.002 [FXGL Background Thread 3 ] DEBUG Engine               - isWindows: true
17:04:38.002 [FXGL Background Thread 3 ] DEBUG Engine               - language: ObjectProperty [value: ENGLISH]
17:04:38.002 [FXGL Background Thread 3 ] DEBUG Engine               - menuKey: ESCAPE
17:04:38.002 [FXGL Background Thread 3 ] DEBUG Engine               - notificationViewClass: class com.almasb.fxgl.notification.view.XboxNotificationView
17:04:38.002 [FXGL Background Thread 3 ] DEBUG Engine               - pixelsPerMeter: 50.0
17:04:38.002 [FXGL Background Thread 3 ] DEBUG Engine               - platform: WINDOWS
17:04:38.002 [FXGL Background Thread 3 ] DEBUG Engine               - prefHeightProperty: ReadOnlyDoubleProperty [value: 800.0]
17:04:38.002 [FXGL Background Thread 3 ] DEBUG Engine               - prefWidthProperty: ReadOnlyDoubleProperty [value: 1300.0]
17:04:38.002 [FXGL Background Thread 3 ] DEBUG Engine               - profileDir: profiles/
17:04:38.002 [FXGL Background Thread 3 ] DEBUG Engine               - profileName: StringProperty [value: DEFAULT]
17:04:38.002 [FXGL Background Thread 3 ] DEBUG Engine               - randomSeed: -1
17:04:38.003 [FXGL Background Thread 3 ] DEBUG Engine               - runtimeInfo: RuntimeInfo(platform=WINDOWS, version=dev-SNAPSHOT, build=19.03.2021 10.33)
17:04:38.003 [FXGL Background Thread 3 ] DEBUG Engine               - saveFileExt: sav
17:04:38.003 [FXGL Background Thread 3 ] DEBUG Engine               - scaledHeightProp$fxgl: DoubleProperty [bound, value: 800.0]
17:04:38.003 [FXGL Background Thread 3 ] DEBUG Engine               - scaledWidthProp$fxgl: DoubleProperty [bound, value: 1300.0]
17:04:38.003 [FXGL Background Thread 3 ] DEBUG Engine               - sceneFactory: com.almasb.fxgl.app.scene.SceneFactory@602ca1b8
17:04:38.003 [FXGL Background Thread 3 ] DEBUG Engine               - secondsIn24h: 60
17:04:38.003 [FXGL Background Thread 3 ] DEBUG Engine               - soundMenuBack: menu/back.wav
17:04:38.003 [FXGL Background Thread 3 ] DEBUG Engine               - soundMenuPress: menu/press.wav
17:04:38.003 [FXGL Background Thread 3 ] DEBUG Engine               - soundMenuSelect: menu/select.wav
17:04:38.003 [FXGL Background Thread 3 ] DEBUG Engine               - soundNotification: core/notification.wav
17:04:38.003 [FXGL Background Thread 3 ] DEBUG Engine               - stageStyle: DECORATED
17:04:38.003 [FXGL Background Thread 3 ] DEBUG Engine               - supportedLanguages: [ENGLISH, FRENCH, GERMAN, HUNGARIAN, RUSSIAN]
17:04:38.003 [FXGL Background Thread 3 ] DEBUG Engine               - ticksPerSecond: -1
17:04:38.003 [FXGL Background Thread 3 ] DEBUG Engine               - title: Centipede
17:04:38.003 [FXGL Background Thread 3 ] DEBUG Engine               - urlGithub: https://github.com/AlmasB/FXGL
17:04:38.003 [FXGL Background Thread 3 ] DEBUG Engine               - urlLeaderboard: http://fxgl-top.herokuapp.com/
17:04:38.003 [FXGL Background Thread 3 ] DEBUG Engine               - urlPOM: https://raw.githubusercontent.com/AlmasB/FXGL/release/README.md
17:04:38.003 [FXGL Background Thread 3 ] DEBUG Engine               - userAppClass: class Game
17:04:38.003 [FXGL Background Thread 3 ] DEBUG Engine               - version: 0.0
17:04:38.003 [FXGL Background Thread 3 ] DEBUG Engine               - versionCheckDays: 7
17:04:38.003 [FXGL Background Thread 3 ] DEBUG Engine               - width: 1300
17:04:38.003 [FXGL Background Thread 3 ] DEBUG Engine               - Logging services
17:04:38.003 [FXGL Background Thread 3 ] DEBUG Engine               - class com.almasb.fxgl.app.services.FXGLAssetLoaderService
17:04:38.004 [FXGL Background Thread 3 ] DEBUG Engine               - class com.almasb.fxgl.app.FXGLApplication$GameApplicationService
17:04:38.004 [FXGL Background Thread 3 ] DEBUG Engine               - class com.almasb.fxgl.app.services.FXGLDialogService
17:04:38.004 [FXGL Background Thread 3 ] DEBUG Engine               - class com.almasb.fxgl.app.services.IOTaskExecutorService
17:04:38.004 [FXGL Background Thread 3 ] DEBUG Engine               - class com.almasb.fxgl.event.EventBusService
17:04:38.004 [FXGL Background Thread 3 ] DEBUG Engine               - class com.almasb.fxgl.io.FileSystemService
17:04:38.004 [FXGL Background Thread 3 ] DEBUG Engine               - class com.almasb.fxgl.localization.LocalizationService
17:04:38.004 [FXGL Background Thread 3 ] DEBUG Engine               - class com.almasb.fxgl.app.services.SystemBundleService
17:04:38.004 [FXGL Background Thread 3 ] DEBUG Engine               - class com.almasb.fxgl.profile.SaveLoadService
17:04:38.004 [FXGL Background Thread 3 ] DEBUG Engine               - class com.almasb.fxgl.ui.FXGLUIFactoryServiceProvider
17:04:38.004 [FXGL Background Thread 3 ] DEBUG Engine               - class com.almasb.fxgl.ui.FXGLDialogFactoryServiceProvider
17:04:38.004 [FXGL Background Thread 3 ] DEBUG Engine               - class com.almasb.fxgl.audio.AudioPlayer
17:04:38.004 [FXGL Background Thread 3 ] DEBUG Engine               - class com.almasb.fxgl.notification.impl.NotificationServiceProvider
17:04:38.004 [FXGL Background Thread 3 ] DEBUG Engine               - class com.almasb.fxgl.achievement.AchievementService
17:04:38.004 [FXGL Background Thread 3 ] DEBUG Engine               - class com.almasb.fxgl.cutscene.CutsceneService
17:04:38.004 [FXGL Background Thread 3 ] DEBUG Engine               - class com.almasb.fxgl.minigames.MiniGameService
17:04:38.004 [FXGL Background Thread 3 ] DEBUG Engine               - class com.almasb.fxgl.net.NetService
17:04:38.004 [FXGL Background Thread 3 ] DEBUG Engine               - class com.almasb.fxgl.app.services.UpdaterService
17:04:38.004 [FXGL Background Thread 3 ] DEBUG Engine               - class com.almasb.fxgl.dev.DevService
17:04:46.174 [JavaFX Application Thread] DEBUG Menu                 - fireNewGame()
17:04:46.174 [JavaFX Application Thread] DEBUG GameApplicationServi - Starting new game
17:04:46.176 [JavaFX Application Thread] DEBUG PrimaryStageWindow   - Pop state: FXGLDefaultMenu
17:04:46.176 [JavaFX Application Thread] DEBUG Input                - Clearing active input actions
17:04:46.177 [JavaFX Application Thread] DEBUG GameApplicationServi - Removing overlay from FXGLDefaultMenu and adding to FXGLMainMenuDummyScene
17:04:46.177 [JavaFX Application Thread] DEBUG PrimaryStageWindow   - FXGLMainMenuDummyScene <- FXGLDefaultMenu
17:04:46.177 [JavaFX Application Thread] DEBUG Input                - Clearing active input actions
17:04:46.181 [JavaFX Application Thread] DEBUG GameApplicationServi - Removing overlay from FXGLMainMenuDummyScene and adding to FXGLLoadingScene
17:04:46.181 [JavaFX Application Thread] DEBUG PrimaryStageWindow   - FXGLMainMenuDummyScene -> FXGLLoadingScene
17:04:46.181 [JavaFX Application Thread] DEBUG GameApplicationServi - Clearing previous game
17:04:46.181 [JavaFX Application Thread] DEBUG GameScene            - Clearing game scene
17:04:46.181 [JavaFX Application Thread] DEBUG GameWorld            - Clearing game world
17:04:46.181 [JavaFX Application Thread] DEBUG PhysicsWorld         - Clearing physics world
17:04:46.182 [FXGL Background Thread 2 ] DEBUG FXGLApplication      - Initializing game
17:04:46.200 [FXGL Background Thread 2 ] DEBUG FXGLAssetLoaderServi - Loading from file system: file:/E:/FINAL%20Centipede%20Projects/target/classes/assets/textures/playerLvl1.png
17:04:46.207 [FXGL Background Thread 2 ] DEBUG FXGLAssetLoaderServi - Loading from file system: file:/E:/FINAL%20Centipede%20Projects/target/classes/assets/textures/spiderLvl1.png
17:04:46.212 [FXGL Background Thread 2 ] DEBUG FXGLAssetLoaderServi - Loading from file system: file:/E:/FINAL%20Centipede%20Projects/target/classes/assets/textures/rockLvl1.png
17:04:46.213 [FXGL Background Thread 2 ] DEBUG FXGLAssetLoaderServi - Loading from file system: file:/E:/FINAL%20Centipede%20Projects/target/classes/assets/textures/mushroomLv1.png
17:04:46.228 [FXGL Background Thread 2 ] DEBUG FXGLAssetLoaderServi - Loading from file system: file:/E:/FINAL%20Centipede%20Projects/target/classes/assets/textures/centipedeHeadLvl1.png
17:04:46.229 [FXGL Background Thread 2 ] DEBUG FXGLAssetLoaderServi - Loading from file system: file:/E:/FINAL%20Centipede%20Projects/target/classes/assets/textures/centipedeBodyLvl1.png
17:04:46.236 [FXGL Background Thread 2 ] INFO  FXGLApplication      - Game initialization took: 0.054 sec
17:04:46.240 [JavaFX Application Thread] DEBUG Input                - Clearing active input actions
17:04:46.245 [JavaFX Application Thread] DEBUG GameApplicationServi - Removing overlay from FXGLLoadingScene and adding to GameScene
17:04:46.245 [JavaFX Application Thread] DEBUG PrimaryStageWindow   - FXGLLoadingScene -> GameScene
17:04:58.015 [JavaFX Application Thread] DEBUG FXGLApplication      - Exiting FXGL
17:04:58.016 [JavaFX Application Thread] DEBUG LoopRunner           - Stopping loop
17:04:58.016 [JavaFX Application Thread] DEBUG SystemBundleService  - Saving FXGL system data
17:04:58.023 [JavaFX Application Thread] DEBUG FileSystemAccess     - Writing to: E:\FINAL Centipede Projects\system\fxgl.bundle
17:04:58.032 [JavaFX Application Thread] DEBUG Async                - Shutting down background threads
17:04:58.033 [JavaFX Application Thread] DEBUG PrimaryStageWindow   - Closing main window
17:04:58.042 [JavaFX Application Thread] DEBUG Logger               - Closing Logger
