17:06:52.822 [main                     ] DEBUG Logger               - Configured Logger
17:06:52.825 [main                     ] DEBUG GameApplication      - Logging settings
Title: Centipede
Version: 0.0
Width: 1300
Height: 800
Fullscreen: false
Intro: false
Profiling: false
Single step:false
App Mode: DEVELOPER
Menu Key: ESCAPE
Stage Style: DECORATED
Scene Factory: class com.almasb.fxgl.app.scene.SceneFactory

17:06:53.057 [JavaFX Application Thread] DEBUG FXGLApplication      - Initializing FXGL
17:06:53.059 [JavaFX Application Thread] INFO  Engine               - FXGL-dev-SNAPSHOT (19.03.2021 10.33) on WINDOWS (J:14.0.2 FX:15)
17:06:53.059 [JavaFX Application Thread] DEBUG Engine               - JRE Vendor Name: Oracle Corporation
17:06:53.059 [JavaFX Application Thread] DEBUG Engine               - Running on OS: Windows 10 version 10.0
17:06:53.059 [JavaFX Application Thread] DEBUG Engine               - Architecture: amd64
17:06:53.059 [JavaFX Application Thread] INFO  Engine               - Source code and latest versions at: https://github.com/AlmasB/FXGL
17:06:53.059 [JavaFX Application Thread] INFO  Engine               -              Join the FXGL chat at: https://gitter.im/AlmasB/FXGL
17:06:53.142 [JavaFX Application Thread] DEBUG PrimaryStageWindow   - Creating a JavaFX scene
17:06:53.176 [JavaFX Application Thread] DEBUG PrimaryStageWindow   - Target settings size: 1300.0 x 800.0
17:06:53.177 [JavaFX Application Thread] DEBUG PrimaryStageWindow   - Scaled scene size:    1300.0 x 800.0
17:06:53.177 [JavaFX Application Thread] DEBUG PrimaryStageWindow   - Scaled ratio: (1.0, 1.0)
17:06:53.177 [JavaFX Application Thread] DEBUG PrimaryStageWindow   - Set initial scene to FXGLStartupScene
17:06:53.182 [JavaFX Application Thread] DEBUG PrimaryStageWindow   - Opening main window
17:06:53.236 [JavaFX Application Thread] DEBUG PrimaryStageWindow   - Window border size: (16.0, 39.0)
17:06:53.236 [JavaFX Application Thread] DEBUG PrimaryStageWindow   - Scaled size: 1300.0 x 800.0
17:06:53.236 [JavaFX Application Thread] DEBUG PrimaryStageWindow   - Scaled ratio: (1.0, 1.0)
17:06:53.236 [JavaFX Application Thread] DEBUG PrimaryStageWindow   - Scene size: 1300.0 x 800.0
17:06:53.236 [JavaFX Application Thread] DEBUG PrimaryStageWindow   - Stage size: 1316.0 x 839.0
17:06:53.241 [FXGL Background Thread 1 ] DEBUG Engine               - Initializing environment variables
17:06:53.264 [FXGL Background Thread 1 ] DEBUG FXGLAssetLoaderServi - User app class for loading assets: class Game
17:06:53.264 [FXGL Background Thread 1 ] DEBUG GameApplicationServi - Applying CSS: fxgl_dark.css
17:06:53.265 [FXGL Background Thread 1 ] DEBUG FXGLAssetLoaderServi - Loading from file system: jar:file:/C:/Users/Dev's%20Desktop/.m2/repository/com/github/almasb/fxgl/dev-SNAPSHOT/fxgl-dev-20210319.103432-1710.jar!/fxglassets/ui/css/fxgl_dark.css
17:06:53.300 [FXGL Background Thread 1 ] DEBUG GameApplicationServi - Initializing application scenes
17:06:53.339 [FXGL Background Thread 1 ] DEBUG GameWorld            - Game world initialized
17:06:53.378 [FXGL Background Thread 1 ] DEBUG PhysicsWorld         - Physics world initialized: appHeight=800, physics.ppm=50.0
17:06:53.378 [FXGL Background Thread 1 ] DEBUG PhysicsWorld         - Using strategy: BRUTE_FORCE
17:06:53.380 [FXGL Background Thread 1 ] DEBUG GameScene            - Game scene initialized: 1300x800
17:06:53.404 [FXGL Background Thread 1 ] DEBUG FXGLAssetLoaderServi - Loading from file system: jar:file:/C:/Users/Dev's%20Desktop/.m2/repository/com/github/almasb/fxgl/dev-SNAPSHOT/fxgl-dev-20210319.103432-1710.jar!/fxglassets/textures/particles/trace_horizontal.png
17:06:53.438 [FXGL Background Thread 1 ] DEBUG FXGL.DefaultMenu     - createMenuBodyMainMenu()
17:06:53.448 [FXGL Background Thread 1 ] DEBUG FXGL.DefaultMenu     - createOptionsMenu()
17:06:53.451 [FXGL Background Thread 1 ] DEBUG FXGLAssetLoaderServi - Loading from file system: jar:file:/C:/Users/Dev's%20Desktop/.m2/repository/com/github/almasb/fxgl/dev-SNAPSHOT/fxgl-dev-20210319.103432-1710.jar!/fxglassets/textures/particles/smoke.png
17:06:53.495 [FXGL Background Thread 1 ] DEBUG FXGL.DefaultMenu     - createMenuBodyGameMenu()
17:06:53.496 [FXGL Background Thread 1 ] DEBUG FXGL.DefaultMenu     - createOptionsMenu()
17:06:53.507 [FXGL Background Thread 1 ] DEBUG GameApplicationServi - Application scenes initialized
17:06:53.518 [FXGL Background Thread 1 ] DEBUG SystemBundleService  - Loading FXGL system data
17:06:53.523 [FXGL Background Thread 1 ] DEBUG FileSystemAccess     - Reading from: E:\FINAL Centipede Projects\system\fxgl.bundle
17:06:53.528 [FXGL Background Thread 1 ] DEBUG SystemBundleService  - Bundle FXGL: {}
17:06:53.528 [FXGL Background Thread 1 ] DEBUG UpdaterService       - Checking for updates
17:06:53.531 [FXGL Background Thread 4 ] DEBUG FXGLApplication      - Loading fonts
17:06:53.531 [FXGL Background Thread 1 ] DEBUG FXGLApplication      - Loading default localization
17:06:53.531 [FXGL Background Thread 4 ] DEBUG FXGLAssetLoaderServi - Loading from file system: jar:file:/C:/Users/Dev's%20Desktop/.m2/repository/com/github/almasb/fxgl/dev-SNAPSHOT/fxgl-dev-20210319.103432-1710.jar!/fxglassets/ui/fonts/VarelaRound-Regular.ttf
17:06:53.531 [FXGL Background Thread 1 ] DEBUG FXGLAssetLoaderServi - Loading from file system: jar:file:/C:/Users/Dev's%20Desktop/.m2/repository/com/github/almasb/fxgl/dev-SNAPSHOT/fxgl-dev-20210319.103432-1710.jar!/fxglassets/languages/english.lang
17:06:53.540 [FXGL Background Thread 1 ] INFO  FXGLApplication      - FXGL initialization took: 0.299 sec
17:06:53.546 [JavaFX Application Thread] DEBUG Input                - Registered new binding: Up - Up
17:06:53.546 [JavaFX Application Thread] DEBUG Input                - Registered new binding: Down - Down
17:06:53.546 [JavaFX Application Thread] DEBUG Input                - Registered new binding: Left - Left
17:06:53.546 [JavaFX Application Thread] DEBUG Input                - Registered new binding: Right - Right
17:06:53.546 [JavaFX Application Thread] DEBUG Input                - Registered new binding: Shoot - Space
17:06:53.547 [JavaFX Application Thread] DEBUG FXGLAssetLoaderServi - Loading from file system: jar:file:/C:/Users/Dev's%20Desktop/.m2/repository/com/github/almasb/fxgl/dev-SNAPSHOT/fxgl-dev-20210319.103432-1710.jar!/fxglassets/textures/fxgl_icon.png
17:06:53.556 [FXGL Background Thread 4 ] DEBUG FXGLAssetLoaderServi - Loading from file system: jar:file:/C:/Users/Dev's%20Desktop/.m2/repository/com/github/almasb/fxgl/dev-SNAPSHOT/fxgl-dev-20210319.103432-1710.jar!/fxglassets/ui/fonts/Abel-Regular.ttf
17:06:53.558 [JavaFX Application Thread] DEBUG FXGLAssetLoaderServi - Loading from file system: jar:file:/C:/Users/Dev's%20Desktop/.m2/repository/com/github/almasb/fxgl/dev-SNAPSHOT/fxgl-dev-20210319.103432-1710.jar!/fxglassets/ui/cursors/fxgl_default.png
17:06:53.560 [JavaFX Application Thread] DEBUG Input                - Registered new binding: Screenshot - P
17:06:53.560 [JavaFX Application Thread] DEBUG Input                - Registered new binding: System info dump - CTRL+9
17:06:53.560 [JavaFX Application Thread] DEBUG Input                - Registered new binding: Restart - CTRL+R
17:06:53.560 [JavaFX Application Thread] DEBUG Input                - Registered new binding: Toggle Debug Camera - CTRL+C
17:06:53.562 [FXGL Background Thread 4 ] DEBUG FXGLAssetLoaderServi - Loading from file system: jar:file:/C:/Users/Dev's%20Desktop/.m2/repository/com/github/almasb/fxgl/dev-SNAPSHOT/fxgl-dev-20210319.103432-1710.jar!/fxglassets/ui/fonts/Courier-Prime.ttf
17:06:53.562 [JavaFX Application Thread] DEBUG LoopRunner           - Starting loop
17:06:53.562 [JavaFX Application Thread] DEBUG LoopRunner           - Initializing JavaFX AnimationTimerLoop
17:06:53.563 [JavaFX Application Thread] DEBUG Input                - Clearing active input actions
17:06:53.568 [JavaFX Application Thread] DEBUG GameApplicationServi - Removing overlay from FXGLStartupScene and adding to FXGLMainMenuDummyScene
17:06:53.568 [JavaFX Application Thread] DEBUG PrimaryStageWindow   - FXGLStartupScene -> FXGLMainMenuDummyScene
17:06:53.568 [JavaFX Application Thread] DEBUG PrimaryStageWindow   - Push state: FXGLDefaultMenu
17:06:53.571 [JavaFX Application Thread] DEBUG Input                - Clearing active input actions
17:06:53.576 [JavaFX Application Thread] DEBUG GameApplicationServi - Removing overlay from FXGLMainMenuDummyScene and adding to FXGLDefaultMenu
17:06:53.577 [JavaFX Application Thread] DEBUG PrimaryStageWindow   - FXGLMainMenuDummyScene -> FXGLDefaultMenu
17:06:53.580 [JavaFX Application Thread] DEBUG FXGLApplication      - Registering font factories with UI factory
17:06:53.803 [FXGL Background Thread 2 ] INFO  UpdaterService       - Your current version:  dev-SNAPSHOT
17:06:53.803 [FXGL Background Thread 2 ] INFO  UpdaterService       - Latest stable version: 11.14
17:06:54.869 [JavaFX Application Thread] DEBUG Menu                 - fireNewGame()
17:06:54.869 [JavaFX Application Thread] DEBUG GameApplicationServi - Starting new game
17:06:54.870 [JavaFX Application Thread] DEBUG PrimaryStageWindow   - Pop state: FXGLDefaultMenu
17:06:54.870 [JavaFX Application Thread] DEBUG Input                - Clearing active input actions
17:06:54.871 [JavaFX Application Thread] DEBUG GameApplicationServi - Removing overlay from FXGLDefaultMenu and adding to FXGLMainMenuDummyScene
17:06:54.872 [JavaFX Application Thread] DEBUG PrimaryStageWindow   - FXGLMainMenuDummyScene <- FXGLDefaultMenu
17:06:54.872 [JavaFX Application Thread] DEBUG Input                - Clearing active input actions
17:06:54.876 [JavaFX Application Thread] DEBUG GameApplicationServi - Removing overlay from FXGLMainMenuDummyScene and adding to FXGLLoadingScene
17:06:54.877 [JavaFX Application Thread] DEBUG PrimaryStageWindow   - FXGLMainMenuDummyScene -> FXGLLoadingScene
17:06:54.877 [JavaFX Application Thread] DEBUG GameApplicationServi - Clearing previous game
17:06:54.877 [JavaFX Application Thread] DEBUG GameScene            - Clearing game scene
17:06:54.877 [JavaFX Application Thread] DEBUG GameWorld            - Clearing game world
17:06:54.877 [JavaFX Application Thread] DEBUG PhysicsWorld         - Clearing physics world
17:06:54.878 [FXGL Background Thread 2 ] DEBUG FXGLApplication      - Initializing game
17:06:54.897 [FXGL Background Thread 2 ] DEBUG FXGLAssetLoaderServi - Loading from file system: file:/E:/FINAL%20Centipede%20Projects/target/classes/assets/textures/playerLvl1.png
17:06:54.903 [FXGL Background Thread 2 ] DEBUG FXGLAssetLoaderServi - Loading from file system: file:/E:/FINAL%20Centipede%20Projects/target/classes/assets/textures/spiderLvl1.png
17:06:54.908 [FXGL Background Thread 2 ] DEBUG FXGLAssetLoaderServi - Loading from file system: file:/E:/FINAL%20Centipede%20Projects/target/classes/assets/textures/playerLvl2.png
17:06:54.912 [FXGL Background Thread 2 ] DEBUG FXGLAssetLoaderServi - Loading from file system: file:/E:/FINAL%20Centipede%20Projects/target/classes/assets/textures/spiderLvl2.png
17:06:54.915 [FXGL Background Thread 2 ] DEBUG FXGLAssetLoaderServi - Loading from file system: file:/E:/FINAL%20Centipede%20Projects/target/classes/assets/textures/rockLvl1.png
17:06:54.917 [FXGL Background Thread 2 ] DEBUG FXGLAssetLoaderServi - Loading from file system: file:/E:/FINAL%20Centipede%20Projects/target/classes/assets/textures/rockLvl2.png
17:06:54.920 [FXGL Background Thread 2 ] DEBUG FXGLAssetLoaderServi - Loading from file system: file:/E:/FINAL%20Centipede%20Projects/target/classes/assets/textures/mushroomLv1.png
17:06:54.924 [FXGL Background Thread 2 ] DEBUG FXGLAssetLoaderServi - Loading from file system: file:/E:/FINAL%20Centipede%20Projects/target/classes/assets/textures/mushroomLvl2.png
17:06:54.939 [FXGL Background Thread 2 ] DEBUG FXGLAssetLoaderServi - Loading from file system: file:/E:/FINAL%20Centipede%20Projects/target/classes/assets/textures/centipedeHeadLvl1.png
17:06:54.940 [FXGL Background Thread 2 ] DEBUG FXGLAssetLoaderServi - Loading from file system: file:/E:/FINAL%20Centipede%20Projects/target/classes/assets/textures/centipedeHeadLvl2.png
17:06:54.942 [FXGL Background Thread 2 ] DEBUG FXGLAssetLoaderServi - Loading from file system: file:/E:/FINAL%20Centipede%20Projects/target/classes/assets/textures/centipedeBodyLvl1.png
17:06:54.943 [FXGL Background Thread 2 ] DEBUG FXGLAssetLoaderServi - Loading from file system: file:/E:/FINAL%20Centipede%20Projects/target/classes/assets/textures/centipedeBodyLvl2.png
17:06:54.951 [FXGL Background Thread 2 ] INFO  FXGLApplication      - Game initialization took: 0.073 sec
17:06:54.952 [JavaFX Application Thread] DEBUG Input                - Clearing active input actions
17:06:54.958 [JavaFX Application Thread] DEBUG GameApplicationServi - Removing overlay from FXGLLoadingScene and adding to GameScene
17:06:54.958 [JavaFX Application Thread] DEBUG PrimaryStageWindow   - FXGLLoadingScene -> GameScene
17:06:56.531 [FXGL Background Thread 3 ] DEBUG Engine               - Logging environment variables
17:06:56.531 [FXGL Background Thread 3 ] DEBUG Engine               - achievements: []
17:06:56.531 [FXGL Background Thread 3 ] DEBUG Engine               - actualHeight: 800.0
17:06:56.531 [FXGL Background Thread 3 ] DEBUG Engine               - actualHeightProperty: ReadOnlyDoubleProperty [value: 800.0]
17:06:56.531 [FXGL Background Thread 3 ] DEBUG Engine               - actualWidth: 1300.0
17:06:56.531 [FXGL Background Thread 3 ] DEBUG Engine               - actualWidthProperty: ReadOnlyDoubleProperty [value: 1300.0]
17:06:56.531 [FXGL Background Thread 3 ] DEBUG Engine               - appIcon: fxgl_icon.png
17:06:56.531 [FXGL Background Thread 3 ] DEBUG Engine               - applicationMode: DEVELOPER
17:06:56.531 [FXGL Background Thread 3 ] DEBUG Engine               - cSSList: [fxgl_dark.css]
17:06:56.531 [FXGL Background Thread 3 ] DEBUG Engine               - collisionDetectionStrategy: BRUTE_FORCE
17:06:56.531 [FXGL Background Thread 3 ] DEBUG Engine               - configClass: Optional.empty
17:06:56.531 [FXGL Background Thread 3 ] DEBUG Engine               - credits: []
17:06:56.532 [FXGL Background Thread 3 ] DEBUG Engine               - devBBoxColorProperty: ObjectProperty [value: 0xff0000ff]
17:06:56.532 [FXGL Background Thread 3 ] DEBUG Engine               - devEnableDebugCameraProperty: BooleanProperty [value: false]
17:06:56.532 [FXGL Background Thread 3 ] DEBUG Engine               - devSensorColorProperty: ObjectProperty [value: 0xffff00ff]
17:06:56.532 [FXGL Background Thread 3 ] DEBUG Engine               - devShowBBoxProperty: BooleanProperty [value: false]
17:06:56.532 [FXGL Background Thread 3 ] DEBUG Engine               - devShowPositionProperty: BooleanProperty [value: false]
17:06:56.532 [FXGL Background Thread 3 ] DEBUG Engine               - enabledMenuItems: []
17:06:56.532 [FXGL Background Thread 3 ] DEBUG Engine               - engineServices: [class com.almasb.fxgl.app.services.FXGLAssetLoaderService, class com.almasb.fxgl.app.FXGLApplication$GameApplicationService, class com.almasb.fxgl.app.services.FXGLDialogService, class com.almasb.fxgl.app.services.IOTaskExecutorService, class com.almasb.fxgl.event.EventBusService, class com.almasb.fxgl.io.FileSystemService, class com.almasb.fxgl.localization.LocalizationService, class com.almasb.fxgl.app.services.SystemBundleService, class com.almasb.fxgl.profile.SaveLoadService, class com.almasb.fxgl.ui.FXGLUIFactoryServiceProvider, class com.almasb.fxgl.ui.FXGLDialogFactoryServiceProvider, class com.almasb.fxgl.audio.AudioPlayer, class com.almasb.fxgl.notification.impl.NotificationServiceProvider, class com.almasb.fxgl.achievement.AchievementService, class com.almasb.fxgl.cutscene.CutsceneService, class com.almasb.fxgl.minigames.MiniGameService, class com.almasb.fxgl.net.NetService, class com.almasb.fxgl.app.services.UpdaterService, class com.almasb.fxgl.dev.DevService]
17:06:56.532 [FXGL Background Thread 3 ] DEBUG Engine               - fontGame: Abel-Regular.ttf
17:06:56.532 [FXGL Background Thread 3 ] DEBUG Engine               - fontMono: lucida_console.ttf
17:06:56.532 [FXGL Background Thread 3 ] DEBUG Engine               - fontText: Courier-Prime.ttf
17:06:56.532 [FXGL Background Thread 3 ] DEBUG Engine               - fontUI: VarelaRound-Regular.ttf
17:06:56.532 [FXGL Background Thread 3 ] DEBUG Engine               - fullScreen: BooleanProperty [value: false]
17:06:56.532 [FXGL Background Thread 3 ] DEBUG Engine               - gameDifficulty: MEDIUM
17:06:56.532 [FXGL Background Thread 3 ] DEBUG Engine               - gameDifficultyProperty: ObjectProperty [value: MEDIUM]
17:06:56.532 [FXGL Background Thread 3 ] DEBUG Engine               - globalMusicVolume: 0.5
17:06:56.532 [FXGL Background Thread 3 ] DEBUG Engine               - globalMusicVolumeProperty: DoubleProperty [value: 0.5]
17:06:56.532 [FXGL Background Thread 3 ] DEBUG Engine               - globalSoundVolume: 0.5
17:06:56.532 [FXGL Background Thread 3 ] DEBUG Engine               - globalSoundVolumeProperty: DoubleProperty [value: 0.5]
17:06:56.532 [FXGL Background Thread 3 ] DEBUG Engine               - height: 800
17:06:56.532 [FXGL Background Thread 3 ] DEBUG Engine               - isAndroid: false
17:06:56.532 [FXGL Background Thread 3 ] DEBUG Engine               - isBrowser: false
17:06:56.533 [FXGL Background Thread 3 ] DEBUG Engine               - isClickFeedbackEnabled: false
17:06:56.533 [FXGL Background Thread 3 ] DEBUG Engine               - isCloseConfirmation: false
17:06:56.533 [FXGL Background Thread 3 ] DEBUG Engine               - isDesktop: true
17:06:56.533 [FXGL Background Thread 3 ] DEBUG Engine               - isDeveloperMenuEnabled: false
17:06:56.533 [FXGL Background Thread 3 ] DEBUG Engine               - isEntityPreloadEnabled: true
17:06:56.533 [FXGL Background Thread 3 ] DEBUG Engine               - isExperimental3D: false
17:06:56.533 [FXGL Background Thread 3 ] DEBUG Engine               - isExperimentalNative: false
17:06:56.533 [FXGL Background Thread 3 ] DEBUG Engine               - isExperimentalTiledLargeMap: false
17:06:56.533 [FXGL Background Thread 3 ] DEBUG Engine               - isFileSystemWriteAllowed: true
17:06:56.533 [FXGL Background Thread 3 ] DEBUG Engine               - isFullScreenAllowed: false
17:06:56.533 [FXGL Background Thread 3 ] DEBUG Engine               - isFullScreenFromStart: false
17:06:56.533 [FXGL Background Thread 3 ] DEBUG Engine               - isGameMenuEnabled: true
17:06:56.533 [FXGL Background Thread 3 ] DEBUG Engine               - isIOS: false
17:06:56.533 [FXGL Background Thread 3 ] DEBUG Engine               - isIntroEnabled: false
17:06:56.533 [FXGL Background Thread 3 ] DEBUG Engine               - isLinux: false
17:06:56.533 [FXGL Background Thread 3 ] DEBUG Engine               - isMac: false
17:06:56.533 [FXGL Background Thread 3 ] DEBUG Engine               - isMainMenuEnabled: true
17:06:56.533 [FXGL Background Thread 3 ] DEBUG Engine               - isManualResizeEnabled: false
17:06:56.533 [FXGL Background Thread 3 ] DEBUG Engine               - isMobile: false
17:06:56.533 [FXGL Background Thread 3 ] DEBUG Engine               - isPreserveResizeRatio: false
17:06:56.533 [FXGL Background Thread 3 ] DEBUG Engine               - isProfilingEnabled: false
17:06:56.533 [FXGL Background Thread 3 ] DEBUG Engine               - isScaleAffectedOnResize: true
17:06:56.533 [FXGL Background Thread 3 ] DEBUG Engine               - isSingleStep: false
17:06:56.533 [FXGL Background Thread 3 ] DEBUG Engine               - isUserProfileEnabled: false
17:06:56.533 [FXGL Background Thread 3 ] DEBUG Engine               - isWindows: true
17:06:56.533 [FXGL Background Thread 3 ] DEBUG Engine               - language: ObjectProperty [value: ENGLISH]
17:06:56.533 [FXGL Background Thread 3 ] DEBUG Engine               - menuKey: ESCAPE
17:06:56.533 [FXGL Background Thread 3 ] DEBUG Engine               - notificationViewClass: class com.almasb.fxgl.notification.view.XboxNotificationView
17:06:56.533 [FXGL Background Thread 3 ] DEBUG Engine               - pixelsPerMeter: 50.0
17:06:56.534 [FXGL Background Thread 3 ] DEBUG Engine               - platform: WINDOWS
17:06:56.534 [FXGL Background Thread 3 ] DEBUG Engine               - prefHeightProperty: ReadOnlyDoubleProperty [value: 800.0]
17:06:56.534 [FXGL Background Thread 3 ] DEBUG Engine               - prefWidthProperty: ReadOnlyDoubleProperty [value: 1300.0]
17:06:56.534 [FXGL Background Thread 3 ] DEBUG Engine               - profileDir: profiles/
17:06:56.534 [FXGL Background Thread 3 ] DEBUG Engine               - profileName: StringProperty [value: DEFAULT]
17:06:56.534 [FXGL Background Thread 3 ] DEBUG Engine               - randomSeed: -1
17:06:56.534 [FXGL Background Thread 3 ] DEBUG Engine               - runtimeInfo: RuntimeInfo(platform=WINDOWS, version=dev-SNAPSHOT, build=19.03.2021 10.33)
17:06:56.534 [FXGL Background Thread 3 ] DEBUG Engine               - saveFileExt: sav
17:06:56.534 [FXGL Background Thread 3 ] DEBUG Engine               - scaledHeightProp$fxgl: DoubleProperty [bound, value: 800.0]
17:06:56.534 [FXGL Background Thread 3 ] DEBUG Engine               - scaledWidthProp$fxgl: DoubleProperty [bound, value: 1300.0]
17:06:56.534 [FXGL Background Thread 3 ] DEBUG Engine               - sceneFactory: com.almasb.fxgl.app.scene.SceneFactory@60976413
17:06:56.534 [FXGL Background Thread 3 ] DEBUG Engine               - secondsIn24h: 60
17:06:56.534 [FXGL Background Thread 3 ] DEBUG Engine               - soundMenuBack: menu/back.wav
17:06:56.534 [FXGL Background Thread 3 ] DEBUG Engine               - soundMenuPress: menu/press.wav
17:06:56.534 [FXGL Background Thread 3 ] DEBUG Engine               - soundMenuSelect: menu/select.wav
17:06:56.534 [FXGL Background Thread 3 ] DEBUG Engine               - soundNotification: core/notification.wav
17:06:56.534 [FXGL Background Thread 3 ] DEBUG Engine               - stageStyle: DECORATED
17:06:56.534 [FXGL Background Thread 3 ] DEBUG Engine               - supportedLanguages: [ENGLISH, FRENCH, GERMAN, HUNGARIAN, RUSSIAN]
17:06:56.534 [FXGL Background Thread 3 ] DEBUG Engine               - ticksPerSecond: -1
17:06:56.534 [FXGL Background Thread 3 ] DEBUG Engine               - title: Centipede
17:06:56.534 [FXGL Background Thread 3 ] DEBUG Engine               - urlGithub: https://github.com/AlmasB/FXGL
17:06:56.534 [FXGL Background Thread 3 ] DEBUG Engine               - urlLeaderboard: http://fxgl-top.herokuapp.com/
17:06:56.534 [FXGL Background Thread 3 ] DEBUG Engine               - urlPOM: https://raw.githubusercontent.com/AlmasB/FXGL/release/README.md
17:06:56.534 [FXGL Background Thread 3 ] DEBUG Engine               - userAppClass: class Game
17:06:56.534 [FXGL Background Thread 3 ] DEBUG Engine               - version: 0.0
17:06:56.534 [FXGL Background Thread 3 ] DEBUG Engine               - versionCheckDays: 7
17:06:56.534 [FXGL Background Thread 3 ] DEBUG Engine               - width: 1300
17:06:56.534 [FXGL Background Thread 3 ] DEBUG Engine               - Logging services
17:06:56.535 [FXGL Background Thread 3 ] DEBUG Engine               - class com.almasb.fxgl.app.services.FXGLAssetLoaderService
17:06:56.535 [FXGL Background Thread 3 ] DEBUG Engine               - class com.almasb.fxgl.app.FXGLApplication$GameApplicationService
17:06:56.535 [FXGL Background Thread 3 ] DEBUG Engine               - class com.almasb.fxgl.app.services.FXGLDialogService
17:06:56.535 [FXGL Background Thread 3 ] DEBUG Engine               - class com.almasb.fxgl.app.services.IOTaskExecutorService
17:06:56.535 [FXGL Background Thread 3 ] DEBUG Engine               - class com.almasb.fxgl.event.EventBusService
17:06:56.535 [FXGL Background Thread 3 ] DEBUG Engine               - class com.almasb.fxgl.io.FileSystemService
17:06:56.535 [FXGL Background Thread 3 ] DEBUG Engine               - class com.almasb.fxgl.localization.LocalizationService
17:06:56.535 [FXGL Background Thread 3 ] DEBUG Engine               - class com.almasb.fxgl.app.services.SystemBundleService
17:06:56.535 [FXGL Background Thread 3 ] DEBUG Engine               - class com.almasb.fxgl.profile.SaveLoadService
17:06:56.535 [FXGL Background Thread 3 ] DEBUG Engine               - class com.almasb.fxgl.ui.FXGLUIFactoryServiceProvider
17:06:56.535 [FXGL Background Thread 3 ] DEBUG Engine               - class com.almasb.fxgl.ui.FXGLDialogFactoryServiceProvider
17:06:56.535 [FXGL Background Thread 3 ] DEBUG Engine               - class com.almasb.fxgl.audio.AudioPlayer
17:06:56.535 [FXGL Background Thread 3 ] DEBUG Engine               - class com.almasb.fxgl.notification.impl.NotificationServiceProvider
17:06:56.535 [FXGL Background Thread 3 ] DEBUG Engine               - class com.almasb.fxgl.achievement.AchievementService
17:06:56.535 [FXGL Background Thread 3 ] DEBUG Engine               - class com.almasb.fxgl.cutscene.CutsceneService
17:06:56.535 [FXGL Background Thread 3 ] DEBUG Engine               - class com.almasb.fxgl.minigames.MiniGameService
17:06:56.535 [FXGL Background Thread 3 ] DEBUG Engine               - class com.almasb.fxgl.net.NetService
17:06:56.535 [FXGL Background Thread 3 ] DEBUG Engine               - class com.almasb.fxgl.app.services.UpdaterService
17:06:56.535 [FXGL Background Thread 3 ] DEBUG Engine               - class com.almasb.fxgl.dev.DevService
17:06:57.172 [JavaFX Application Thread] WARN  FXGLAssetLoaderServi - Asset "/assets/music/laser.mp3" was not found!
17:06:57.173 [JavaFX Application Thread] WARN  FXGLAssetLoaderServi - Failed to load MUSIC
17:06:57.174 [JavaFX Application Thread] DEBUG AudioPlayer          - Playing music com.almasb.fxgl.audio.Music@1a910176
17:06:57.175 [JavaFX Application Thread] DEBUG FXGLAssetLoaderServi - Loading from file system: file:/E:/FINAL%20Centipede%20Projects/target/classes/assets/sounds/laserSound.wav
17:06:57.372 [JavaFX Application Thread] WARN  FXGLAssetLoaderServi - Asset "/assets/music/laser.mp3" was not found!
17:06:57.373 [JavaFX Application Thread] WARN  FXGLAssetLoaderServi - Failed to load MUSIC
17:06:57.373 [JavaFX Application Thread] DEBUG AudioPlayer          - Playing music com.almasb.fxgl.audio.Music@29bb2466
17:06:57.606 [JavaFX Application Thread] WARN  FXGLAssetLoaderServi - Asset "/assets/music/laser.mp3" was not found!
17:06:57.606 [JavaFX Application Thread] WARN  FXGLAssetLoaderServi - Failed to load MUSIC
17:06:57.606 [JavaFX Application Thread] DEBUG AudioPlayer          - Playing music com.almasb.fxgl.audio.Music@57dec889
17:06:57.839 [JavaFX Application Thread] WARN  FXGLAssetLoaderServi - Asset "/assets/music/laser.mp3" was not found!
17:06:57.839 [JavaFX Application Thread] WARN  FXGLAssetLoaderServi - Failed to load MUSIC
17:06:57.839 [JavaFX Application Thread] DEBUG AudioPlayer          - Playing music com.almasb.fxgl.audio.Music@249698ad
17:06:58.085 [JavaFX Application Thread] WARN  FXGLAssetLoaderServi - Asset "/assets/music/laser.mp3" was not found!
17:06:58.086 [JavaFX Application Thread] WARN  FXGLAssetLoaderServi - Failed to load MUSIC
17:06:58.086 [JavaFX Application Thread] DEBUG AudioPlayer          - Playing music com.almasb.fxgl.audio.Music@474f374c
17:06:58.306 [JavaFX Application Thread] WARN  FXGLAssetLoaderServi - Asset "/assets/music/laser.mp3" was not found!
17:06:58.306 [JavaFX Application Thread] WARN  FXGLAssetLoaderServi - Failed to load MUSIC
17:06:58.306 [JavaFX Application Thread] DEBUG AudioPlayer          - Playing music com.almasb.fxgl.audio.Music@40882e93
17:06:58.516 [JavaFX Application Thread] WARN  FXGLAssetLoaderServi - Asset "/assets/music/laser.mp3" was not found!
17:06:58.516 [JavaFX Application Thread] WARN  FXGLAssetLoaderServi - Failed to load MUSIC
17:06:58.516 [JavaFX Application Thread] DEBUG AudioPlayer          - Playing music com.almasb.fxgl.audio.Music@5035a195
17:06:58.708 [JavaFX Application Thread] WARN  FXGLAssetLoaderServi - Asset "/assets/music/laser.mp3" was not found!
17:06:58.708 [JavaFX Application Thread] WARN  FXGLAssetLoaderServi - Failed to load MUSIC
17:06:58.708 [JavaFX Application Thread] DEBUG AudioPlayer          - Playing music com.almasb.fxgl.audio.Music@619c852d
17:07:00.660 [JavaFX Application Thread] WARN  FXGLAssetLoaderServi - Asset "/assets/music/laser.mp3" was not found!
17:07:00.660 [JavaFX Application Thread] WARN  FXGLAssetLoaderServi - Failed to load MUSIC
17:07:00.660 [JavaFX Application Thread] DEBUG AudioPlayer          - Playing music com.almasb.fxgl.audio.Music@5b0a1829
17:07:00.884 [JavaFX Application Thread] WARN  FXGLAssetLoaderServi - Asset "/assets/music/laser.mp3" was not found!
17:07:00.884 [JavaFX Application Thread] WARN  FXGLAssetLoaderServi - Failed to load MUSIC
17:07:00.884 [JavaFX Application Thread] DEBUG AudioPlayer          - Playing music com.almasb.fxgl.audio.Music@63ea7ef9
17:07:01.142 [JavaFX Application Thread] WARN  FXGLAssetLoaderServi - Asset "/assets/music/laser.mp3" was not found!
17:07:01.142 [JavaFX Application Thread] WARN  FXGLAssetLoaderServi - Failed to load MUSIC
17:07:01.142 [JavaFX Application Thread] DEBUG AudioPlayer          - Playing music com.almasb.fxgl.audio.Music@a8ae8b4
17:07:01.442 [JavaFX Application Thread] WARN  FXGLAssetLoaderServi - Asset "/assets/music/laser.mp3" was not found!
17:07:01.442 [JavaFX Application Thread] WARN  FXGLAssetLoaderServi - Failed to load MUSIC
17:07:01.442 [JavaFX Application Thread] DEBUG AudioPlayer          - Playing music com.almasb.fxgl.audio.Music@3122635
17:07:03.580 [JavaFX Application Thread] WARN  FXGLAssetLoaderServi - Asset "/assets/music/laser.mp3" was not found!
17:07:03.580 [JavaFX Application Thread] WARN  FXGLAssetLoaderServi - Failed to load MUSIC
17:07:03.580 [JavaFX Application Thread] DEBUG AudioPlayer          - Playing music com.almasb.fxgl.audio.Music@603c23e9
17:07:03.896 [JavaFX Application Thread] WARN  FXGLAssetLoaderServi - Asset "/assets/music/laser.mp3" was not found!
17:07:03.896 [JavaFX Application Thread] WARN  FXGLAssetLoaderServi - Failed to load MUSIC
17:07:03.896 [JavaFX Application Thread] DEBUG AudioPlayer          - Playing music com.almasb.fxgl.audio.Music@de0c54f
17:07:04.332 [JavaFX Application Thread] WARN  FXGLAssetLoaderServi - Asset "/assets/music/laser.mp3" was not found!
17:07:04.332 [JavaFX Application Thread] WARN  FXGLAssetLoaderServi - Failed to load MUSIC
17:07:04.332 [JavaFX Application Thread] DEBUG AudioPlayer          - Playing music com.almasb.fxgl.audio.Music@5c310cca
17:07:09.224 [JavaFX Application Thread] DEBUG FXGLApplication      - Exiting FXGL
17:07:09.224 [JavaFX Application Thread] DEBUG LoopRunner           - Stopping loop
17:07:09.224 [JavaFX Application Thread] DEBUG SystemBundleService  - Saving FXGL system data
17:07:09.232 [JavaFX Application Thread] DEBUG FileSystemAccess     - Writing to: E:\FINAL Centipede Projects\system\fxgl.bundle
17:07:09.241 [JavaFX Application Thread] DEBUG Async                - Shutting down background threads
17:07:09.242 [JavaFX Application Thread] DEBUG PrimaryStageWindow   - Closing main window
17:07:09.251 [JavaFX Application Thread] DEBUG Logger               - Closing Logger
